make[1]: Entering directory '/home/sergoops/aospk/kernel/realme/sm6150/out'
  GEN     ./Makefile
scripts/kconfig/conf  --silentoldconfig Kconfig
  CHK     include/config/kernel.release
  GEN     ./Makefile
  CHK     include/generated/uapi/linux/version.h
  CHK     include/generated/utsrelease.h
  Using .. as source for kernel
  CHK     scripts/mod/devicetable-offsets.h
  CHK     include/generated/timeconst.h
  CHK     include/generated/bounds.h
  CHK     include/generated/asm-offsets.h
  CALL    ../scripts/checksyscalls.sh
  CHK     include/generated/compile.h
  CHK     kernel/config_data.h
  DTC     arch/arm64/boot/dts/qcom/sdmmagpie.dtb
  DTC     arch/arm64/boot/dts/qcom/sdmmagpie-idp-overlay.dtbo
  CC      drivers/usb/gadget/configfs.o
../drivers/usb/gadget/configfs.c:1505:12: warning: unused function 'configfs_composite_setup' [-Wunused-function]
static int configfs_composite_setup(struct usb_gadget *gadget,
           ^
../drivers/usb/gadget/configfs.c:1530:13: warning: unused function 'configfs_composite_disconnect' [-Wunused-function]
static void configfs_composite_disconnect(struct usb_gadget *gadget)
            ^
2 warnings generated.
  AR      drivers/usb/gadget/libcomposite.o
  AR      drivers/usb/gadget/built-in.o
  AR      drivers/usb/built-in.o
  AR      drivers/built-in.o
  GEN     .version
  CHK     include/generated/compile.h
  UPD     include/generated/compile.h
  CC      init/version.o
  AR      init/built-in.o
  AR      built-in.o
  LD      vmlinux.o
  MODPOST vmlinux.o
WARNING: modpost: Found 2 section mismatch(es).
To see full details build your kernel with:
'make CONFIG_DEBUG_SECTION_MISMATCH=y'
  KSYM    .tmp_kallsyms1.o
  KSYM    .tmp_kallsyms2.o
  LD      vmlinux
  SORTEX  vmlinux
  SYSMAP  System.map
  OBJCOPY arch/arm64/boot/Image
  Building modules, stage 2.
  MODPOST 0 modules
  GZIP    arch/arm64/boot/Image.gz
  DTC     arch/arm64/boot/dts/qcom/sdmmagpie.dtb
  CAT     arch/arm64/boot/Image.gz-dtb
make[1]: Leaving directory '/home/sergoops/aospk/kernel/realme/sm6150/out'
